Feature: Footer # features/footer/footer.feature:1

  Scenario: Test Ebay Footer Links                           # features/footer/footer.feature:2
    Given the user is on the eBay homepage                   # features/steps/homepage_steps.py:4
      Traceback (most recent call last):
        File "c:\Users\muhit\Desktop\QCI-Task\ebay_qa_automation\eBay_QA_Automation_with_SeleniumAndPythonBehave\.venv\Lib\site-packages\behave\model.py", line 1329, in run
          match.run(runner.context)
        File "c:\Users\muhit\Desktop\QCI-Task\ebay_qa_automation\eBay_QA_Automation_with_SeleniumAndPythonBehave\.venv\Lib\site-packages\behave\matchers.py", line 98, in run
          self.func(context, *args, **kwargs)
        File "features\steps\homepage_steps.py", line 6, in step_impl
          context.driver.get("https://www.ebay.com")
          ^^^^^^^^^^^^^^
        File "c:\Users\muhit\Desktop\QCI-Task\ebay_qa_automation\eBay_QA_Automation_with_SeleniumAndPythonBehave\.venv\Lib\site-packages\behave\runner.py", line 321, in __getattr__
          raise AttributeError(msg)
      AttributeError: 'Context' object has no attribute 'driver'

    When the user scrolls to the bottom of the page          # None
    Then the footer should contain the "eBay Community" link # None

  Scenario: Footer Links Presence                   # features/footer/footer.feature:7
    Given the user is on the eBay homepage          # features/steps/homepage_steps.py:4
      Traceback (most recent call last):
        File "c:\Users\muhit\Desktop\QCI-Task\ebay_qa_automation\eBay_QA_Automation_with_SeleniumAndPythonBehave\.venv\Lib\site-packages\behave\model.py", line 1329, in run
          match.run(runner.context)
        File "c:\Users\muhit\Desktop\QCI-Task\ebay_qa_automation\eBay_QA_Automation_with_SeleniumAndPythonBehave\.venv\Lib\site-packages\behave\matchers.py", line 98, in run
          self.func(context, *args, **kwargs)
        File "features\steps\homepage_steps.py", line 6, in step_impl
          context.driver.get("https://www.ebay.com")
          ^^^^^^^^^^^^^^
        File "c:\Users\muhit\Desktop\QCI-Task\ebay_qa_automation\eBay_QA_Automation_with_SeleniumAndPythonBehave\.venv\Lib\site-packages\behave\runner.py", line 321, in __getattr__
          raise AttributeError(msg)
      AttributeError: 'Context' object has no attribute 'driver'

    When the user scrolls to the bottom of the page # None
    Then the footer should have links               # None

Feature: Homepage # features/homepage/homepage.feature:1

  Scenario: Homepage Load Test                    # features/homepage/homepage.feature:2
    Given the user is on the eBay homepage        # features/steps/homepage_steps.py:4
      Traceback (most recent call last):
        File "c:\Users\muhit\Desktop\QCI-Task\ebay_qa_automation\eBay_QA_Automation_with_SeleniumAndPythonBehave\.venv\Lib\site-packages\behave\model.py", line 1329, in run
          match.run(runner.context)
        File "c:\Users\muhit\Desktop\QCI-Task\ebay_qa_automation\eBay_QA_Automation_with_SeleniumAndPythonBehave\.venv\Lib\site-packages\behave\matchers.py", line 98, in run
          self.func(context, *args, **kwargs)
        File "features\steps\homepage_steps.py", line 6, in step_impl
          context.driver.get("https://www.ebay.com")
          ^^^^^^^^^^^^^^
        File "c:\Users\muhit\Desktop\QCI-Task\ebay_qa_automation\eBay_QA_Automation_with_SeleniumAndPythonBehave\.venv\Lib\site-packages\behave\runner.py", line 321, in __getattr__
          raise AttributeError(msg)
      AttributeError: 'Context' object has no attribute 'driver'

    Then the eBay logo should be displayed        # None
    And the search bar should be displayed        # None
    And the main content area should be displayed # None

  Scenario: Test Ebay Home Page Title      # features/homepage/homepage.feature:8
    Given the user is on the eBay homepage # features/steps/homepage_steps.py:4
      Traceback (most recent call last):
        File "c:\Users\muhit\Desktop\QCI-Task\ebay_qa_automation\eBay_QA_Automation_with_SeleniumAndPythonBehave\.venv\Lib\site-packages\behave\model.py", line 1329, in run
          match.run(runner.context)
        File "c:\Users\muhit\Desktop\QCI-Task\ebay_qa_automation\eBay_QA_Automation_with_SeleniumAndPythonBehave\.venv\Lib\site-packages\behave\matchers.py", line 98, in run
          self.func(context, *args, **kwargs)
        File "features\steps\homepage_steps.py", line 6, in step_impl
          context.driver.get("https://www.ebay.com")
          ^^^^^^^^^^^^^^
        File "c:\Users\muhit\Desktop\QCI-Task\ebay_qa_automation\eBay_QA_Automation_with_SeleniumAndPythonBehave\.venv\Lib\site-packages\behave\runner.py", line 321, in __getattr__
          raise AttributeError(msg)
      AttributeError: 'Context' object has no attribute 'driver'

    Then the title should contain "eBay"   # None

Feature: Miscellaneous # features/miscellaneous/miscellaneous.feature:1

  Scenario: Product Listing Presence                          # features/miscellaneous/miscellaneous.feature:2
    Given the user is on the search results page for "laptop" # None
    Then the user should see product listings for "laptop"    # None

  Scenario: Product Image Display                             # features/miscellaneous/miscellaneous.feature:6
    Given the user is on the search results page for "laptop" # None
    Then the product images should be displayed               # None

  Scenario: Test Advanced Search Link                                 # features/miscellaneous/miscellaneous.feature:10
    Given the user is on the eBay homepage                            # features/steps/homepage_steps.py:4
      Traceback (most recent call last):
        File "c:\Users\muhit\Desktop\QCI-Task\ebay_qa_automation\eBay_QA_Automation_with_SeleniumAndPythonBehave\.venv\Lib\site-packages\behave\model.py", line 1329, in run
          match.run(runner.context)
        File "c:\Users\muhit\Desktop\QCI-Task\ebay_qa_automation\eBay_QA_Automation_with_SeleniumAndPythonBehave\.venv\Lib\site-packages\behave\matchers.py", line 98, in run
          self.func(context, *args, **kwargs)
        File "features\steps\homepage_steps.py", line 6, in step_impl
          context.driver.get("https://www.ebay.com")
          ^^^^^^^^^^^^^^
        File "c:\Users\muhit\Desktop\QCI-Task\ebay_qa_automation\eBay_QA_Automation_with_SeleniumAndPythonBehave\.venv\Lib\site-packages\behave\runner.py", line 321, in __getattr__
          raise AttributeError(msg)
      AttributeError: 'Context' object has no attribute 'driver'

    Then the "Advanced" search link should be displayed and clickable # None

  Scenario: Test Daily Deals Link                                 # features/miscellaneous/miscellaneous.feature:14
    Given the user is on the eBay homepage                        # features/steps/homepage_steps.py:4
      Traceback (most recent call last):
        File "c:\Users\muhit\Desktop\QCI-Task\ebay_qa_automation\eBay_QA_Automation_with_SeleniumAndPythonBehave\.venv\Lib\site-packages\behave\model.py", line 1329, in run
          match.run(runner.context)
        File "c:\Users\muhit\Desktop\QCI-Task\ebay_qa_automation\eBay_QA_Automation_with_SeleniumAndPythonBehave\.venv\Lib\site-packages\behave\matchers.py", line 98, in run
          self.func(context, *args, **kwargs)
        File "features\steps\homepage_steps.py", line 6, in step_impl
          context.driver.get("https://www.ebay.com")
          ^^^^^^^^^^^^^^
        File "c:\Users\muhit\Desktop\QCI-Task\ebay_qa_automation\eBay_QA_Automation_with_SeleniumAndPythonBehave\.venv\Lib\site-packages\behave\runner.py", line 321, in __getattr__
          raise AttributeError(msg)
      AttributeError: 'Context' object has no attribute 'driver'

    Then the "Daily Deals" link should be displayed and clickable # None

  Scenario: Test Selling on eBay Link                      # features/miscellaneous/miscellaneous.feature:18
    Given the user is on the eBay homepage                 # features/steps/homepage_steps.py:4
      Traceback (most recent call last):
        File "c:\Users\muhit\Desktop\QCI-Task\ebay_qa_automation\eBay_QA_Automation_with_SeleniumAndPythonBehave\.venv\Lib\site-packages\behave\model.py", line 1329, in run
          match.run(runner.context)
        File "c:\Users\muhit\Desktop\QCI-Task\ebay_qa_automation\eBay_QA_Automation_with_SeleniumAndPythonBehave\.venv\Lib\site-packages\behave\matchers.py", line 98, in run
          self.func(context, *args, **kwargs)
        File "features\steps\homepage_steps.py", line 6, in step_impl
          context.driver.get("https://www.ebay.com")
          ^^^^^^^^^^^^^^
        File "c:\Users\muhit\Desktop\QCI-Task\ebay_qa_automation\eBay_QA_Automation_with_SeleniumAndPythonBehave\.venv\Lib\site-packages\behave\runner.py", line 321, in __getattr__
          raise AttributeError(msg)
      AttributeError: 'Context' object has no attribute 'driver'

    Then the "Sell" link should be displayed and clickable # None

  Scenario: Test Sign Out Button Presence            # features/miscellaneous/miscellaneous.feature:22
    Given the user is on the eBay homepage           # features/steps/homepage_steps.py:4
      Traceback (most recent call last):
        File "c:\Users\muhit\Desktop\QCI-Task\ebay_qa_automation\eBay_QA_Automation_with_SeleniumAndPythonBehave\.venv\Lib\site-packages\behave\model.py", line 1329, in run
          match.run(runner.context)
        File "c:\Users\muhit\Desktop\QCI-Task\ebay_qa_automation\eBay_QA_Automation_with_SeleniumAndPythonBehave\.venv\Lib\site-packages\behave\matchers.py", line 98, in run
          self.func(context, *args, **kwargs)
        File "features\steps\homepage_steps.py", line 6, in step_impl
          context.driver.get("https://www.ebay.com")
          ^^^^^^^^^^^^^^
        File "c:\Users\muhit\Desktop\QCI-Task\ebay_qa_automation\eBay_QA_Automation_with_SeleniumAndPythonBehave\.venv\Lib\site-packages\behave\runner.py", line 321, in __getattr__
          raise AttributeError(msg)
      AttributeError: 'Context' object has no attribute 'driver'

    Then the "Sign out" button should not be present # None

  Scenario: Test Accessibility Statement Link                       # features/miscellaneous/miscellaneous.feature:26
    Given the user is on the eBay homepage                          # features/steps/homepage_steps.py:4
      Traceback (most recent call last):
        File "c:\Users\muhit\Desktop\QCI-Task\ebay_qa_automation\eBay_QA_Automation_with_SeleniumAndPythonBehave\.venv\Lib\site-packages\behave\model.py", line 1329, in run
          match.run(runner.context)
        File "c:\Users\muhit\Desktop\QCI-Task\ebay_qa_automation\eBay_QA_Automation_with_SeleniumAndPythonBehave\.venv\Lib\site-packages\behave\matchers.py", line 98, in run
          self.func(context, *args, **kwargs)
        File "features\steps\homepage_steps.py", line 6, in step_impl
          context.driver.get("https://www.ebay.com")
          ^^^^^^^^^^^^^^
        File "c:\Users\muhit\Desktop\QCI-Task\ebay_qa_automation\eBay_QA_Automation_with_SeleniumAndPythonBehave\.venv\Lib\site-packages\behave\runner.py", line 321, in __getattr__
          raise AttributeError(msg)
      AttributeError: 'Context' object has no attribute 'driver'

    Then the "Accessibility" link should be displayed and clickable # None

Feature: Navigation # features/navigation/navigation.feature:1

  Scenario: Test Ebay Navigation Bar Links                                         # features/navigation/navigation.feature:2
    Given the user is on the eBay homepage                                         # features/steps/homepage_steps.py:4
      Traceback (most recent call last):
        File "c:\Users\muhit\Desktop\QCI-Task\ebay_qa_automation\eBay_QA_Automation_with_SeleniumAndPythonBehave\.venv\Lib\site-packages\behave\model.py", line 1329, in run
          match.run(runner.context)
        File "c:\Users\muhit\Desktop\QCI-Task\ebay_qa_automation\eBay_QA_Automation_with_SeleniumAndPythonBehave\.venv\Lib\site-packages\behave\matchers.py", line 98, in run
          self.func(context, *args, **kwargs)
        File "features\steps\homepage_steps.py", line 6, in step_impl
          context.driver.get("https://www.ebay.com")
          ^^^^^^^^^^^^^^
        File "c:\Users\muhit\Desktop\QCI-Task\ebay_qa_automation\eBay_QA_Automation_with_SeleniumAndPythonBehave\.venv\Lib\site-packages\behave\runner.py", line 321, in __getattr__
          raise AttributeError(msg)
      AttributeError: 'Context' object has no attribute 'driver'

    Then the navigation bar should have "Electronics", "Saved", and "Motors" links # None

  Scenario: Test Ebay Community                                           # features/navigation/navigation.feature:6
    Given the user is on the eBay homepage                                # features/steps/homepage_steps.py:4
      Traceback (most recent call last):
        File "c:\Users\muhit\Desktop\QCI-Task\ebay_qa_automation\eBay_QA_Automation_with_SeleniumAndPythonBehave\.venv\Lib\site-packages\behave\model.py", line 1329, in run
          match.run(runner.context)
        File "c:\Users\muhit\Desktop\QCI-Task\ebay_qa_automation\eBay_QA_Automation_with_SeleniumAndPythonBehave\.venv\Lib\site-packages\behave\matchers.py", line 98, in run
          self.func(context, *args, **kwargs)
        File "features\steps\homepage_steps.py", line 6, in step_impl
          context.driver.get("https://www.ebay.com")
          ^^^^^^^^^^^^^^
        File "c:\Users\muhit\Desktop\QCI-Task\ebay_qa_automation\eBay_QA_Automation_with_SeleniumAndPythonBehave\.venv\Lib\site-packages\behave\runner.py", line 321, in __getattr__
          raise AttributeError(msg)
      AttributeError: 'Context' object has no attribute 'driver'

    Then the user should be able to navigate to the "eBay Community" page # None

  Scenario: Logo Link Test                         # features/navigation/navigation.feature:10
    Given the user is on the eBay homepage         # features/steps/homepage_steps.py:4
      Traceback (most recent call last):
        File "c:\Users\muhit\Desktop\QCI-Task\ebay_qa_automation\eBay_QA_Automation_with_SeleniumAndPythonBehave\.venv\Lib\site-packages\behave\model.py", line 1329, in run
          match.run(runner.context)
        File "c:\Users\muhit\Desktop\QCI-Task\ebay_qa_automation\eBay_QA_Automation_with_SeleniumAndPythonBehave\.venv\Lib\site-packages\behave\matchers.py", line 98, in run
          self.func(context, *args, **kwargs)
        File "features\steps\homepage_steps.py", line 6, in step_impl
          context.driver.get("https://www.ebay.com")
          ^^^^^^^^^^^^^^
        File "c:\Users\muhit\Desktop\QCI-Task\ebay_qa_automation\eBay_QA_Automation_with_SeleniumAndPythonBehave\.venv\Lib\site-packages\behave\runner.py", line 321, in __getattr__
          raise AttributeError(msg)
      AttributeError: 'Context' object has no attribute 'driver'

    Then the eBay logo should link to the homepage # None

  Scenario: Category Navigation                                            # features/navigation/navigation.feature:14
    Given the user is on the eBay homepage                                 # features/steps/homepage_steps.py:4
      Traceback (most recent call last):
        File "c:\Users\muhit\Desktop\QCI-Task\ebay_qa_automation\eBay_QA_Automation_with_SeleniumAndPythonBehave\.venv\Lib\site-packages\behave\model.py", line 1329, in run
          match.run(runner.context)
        File "c:\Users\muhit\Desktop\QCI-Task\ebay_qa_automation\eBay_QA_Automation_with_SeleniumAndPythonBehave\.venv\Lib\site-packages\behave\matchers.py", line 98, in run
          self.func(context, *args, **kwargs)
        File "features\steps\homepage_steps.py", line 6, in step_impl
          context.driver.get("https://www.ebay.com")
          ^^^^^^^^^^^^^^
        File "c:\Users\muhit\Desktop\QCI-Task\ebay_qa_automation\eBay_QA_Automation_with_SeleniumAndPythonBehave\.venv\Lib\site-packages\behave\runner.py", line 321, in __getattr__
          raise AttributeError(msg)
      AttributeError: 'Context' object has no attribute 'driver'

    Then the user should be able to navigate to the "Electronics" category # None

  Scenario: Sub-category Navigation                                                          # features/navigation/navigation.feature:18
    Given the user is on the "Electronics" category page                                     # None
    Then the user should be able to navigate to the "Cell Phones & Accessories" sub-category # None

Feature: Search # features/search/search.feature:1

  Scenario: Test Ebay Search Functionality                       # features/search/search.feature:2
    Given the user searches for "Laptop"                         # features/steps/search_steps.py:6
      Traceback (most recent call last):
        File "c:\Users\muhit\Desktop\QCI-Task\ebay_qa_automation\eBay_QA_Automation_with_SeleniumAndPythonBehave\.venv\Lib\site-packages\behave\model.py", line 1329, in run
          match.run(runner.context)
        File "c:\Users\muhit\Desktop\QCI-Task\ebay_qa_automation\eBay_QA_Automation_with_SeleniumAndPythonBehave\.venv\Lib\site-packages\behave\matchers.py", line 98, in run
          self.func(context, *args, **kwargs)
        File "features\steps\search_steps.py", line 8, in step_impl
          context.driver.get("https://www.ebay.com")
          ^^^^^^^^^^^^^^
        File "c:\Users\muhit\Desktop\QCI-Task\ebay_qa_automation\eBay_QA_Automation_with_SeleniumAndPythonBehave\.venv\Lib\site-packages\behave\runner.py", line 321, in __getattr__
          raise AttributeError(msg)
      AttributeError: 'Context' object has no attribute 'driver'

    Then the search results should contain "Laptop" in the title # None

  Scenario: Basic Search                        # features/search/search.feature:6
    Given the user searches for "Laptop"        # features/steps/search_steps.py:6
      Traceback (most recent call last):
        File "c:\Users\muhit\Desktop\QCI-Task\ebay_qa_automation\eBay_QA_Automation_with_SeleniumAndPythonBehave\.venv\Lib\site-packages\behave\model.py", line 1329, in run
          match.run(runner.context)
        File "c:\Users\muhit\Desktop\QCI-Task\ebay_qa_automation\eBay_QA_Automation_with_SeleniumAndPythonBehave\.venv\Lib\site-packages\behave\matchers.py", line 98, in run
          self.func(context, *args, **kwargs)
        File "features\steps\search_steps.py", line 8, in step_impl
          context.driver.get("https://www.ebay.com")
          ^^^^^^^^^^^^^^
        File "c:\Users\muhit\Desktop\QCI-Task\ebay_qa_automation\eBay_QA_Automation_with_SeleniumAndPythonBehave\.venv\Lib\site-packages\behave\runner.py", line 321, in __getattr__
          raise AttributeError(msg)
      AttributeError: 'Context' object has no attribute 'driver'

    Then the search results should be displayed # None

  Scenario: Search Button Functionality                             # features/search/search.feature:10
    Given the user clicks the search button after entering "laptop" # features/steps/search_steps.py:21
      Traceback (most recent call last):
        File "c:\Users\muhit\Desktop\QCI-Task\ebay_qa_automation\eBay_QA_Automation_with_SeleniumAndPythonBehave\.venv\Lib\site-packages\behave\model.py", line 1329, in run
          match.run(runner.context)
        File "c:\Users\muhit\Desktop\QCI-Task\ebay_qa_automation\eBay_QA_Automation_with_SeleniumAndPythonBehave\.venv\Lib\site-packages\behave\matchers.py", line 98, in run
          self.func(context, *args, **kwargs)
        File "features\steps\search_steps.py", line 23, in step_impl
          context.driver.get("https://www.ebay.com")
          ^^^^^^^^^^^^^^
        File "c:\Users\muhit\Desktop\QCI-Task\ebay_qa_automation\eBay_QA_Automation_with_SeleniumAndPythonBehave\.venv\Lib\site-packages\behave\runner.py", line 321, in __getattr__
          raise AttributeError(msg)
      AttributeError: 'Context' object has no attribute 'driver'

    Then the search results should contain "laptop" in the title    # None
    And the search results should be displayed                      # None

  Scenario: Test Search Result Pagination                            # features/search/search.feature:15
    Given the user navigates to the search results page for "Laptop" # features/steps/search_steps.py:29
      Traceback (most recent call last):
        File "c:\Users\muhit\Desktop\QCI-Task\ebay_qa_automation\eBay_QA_Automation_with_SeleniumAndPythonBehave\.venv\Lib\site-packages\behave\model.py", line 1329, in run
          match.run(runner.context)
        File "c:\Users\muhit\Desktop\QCI-Task\ebay_qa_automation\eBay_QA_Automation_with_SeleniumAndPythonBehave\.venv\Lib\site-packages\behave\matchers.py", line 98, in run
          self.func(context, *args, **kwargs)
        File "features\steps\search_steps.py", line 31, in step_impl
          context.driver.get("https://www.ebay.com/sch/i.html?_nkw=Laptop")
          ^^^^^^^^^^^^^^
        File "c:\Users\muhit\Desktop\QCI-Task\ebay_qa_automation\eBay_QA_Automation_with_SeleniumAndPythonBehave\.venv\Lib\site-packages\behave\runner.py", line 321, in __getattr__
          raise AttributeError(msg)
      AttributeError: 'Context' object has no attribute 'driver'

    Then the pagination should be displayed and functional           # None

  Scenario: Test Filter by Condition                                  # features/search/search.feature:19
    Given the user navigates to the search results page for "Laptop"  # features/steps/search_steps.py:29
      Traceback (most recent call last):
        File "c:\Users\muhit\Desktop\QCI-Task\ebay_qa_automation\eBay_QA_Automation_with_SeleniumAndPythonBehave\.venv\Lib\site-packages\behave\model.py", line 1329, in run
          match.run(runner.context)
        File "c:\Users\muhit\Desktop\QCI-Task\ebay_qa_automation\eBay_QA_Automation_with_SeleniumAndPythonBehave\.venv\Lib\site-packages\behave\matchers.py", line 98, in run
          self.func(context, *args, **kwargs)
        File "features\steps\search_steps.py", line 31, in step_impl
          context.driver.get("https://www.ebay.com/sch/i.html?_nkw=Laptop")
          ^^^^^^^^^^^^^^
        File "c:\Users\muhit\Desktop\QCI-Task\ebay_qa_automation\eBay_QA_Automation_with_SeleniumAndPythonBehave\.venv\Lib\site-packages\behave\runner.py", line 321, in __getattr__
          raise AttributeError(msg)
      AttributeError: 'Context' object has no attribute 'driver'

    Then the user should be able to filter results by "New" condition # None

